update-alternatives 2022-06-20 16:00:26: run with --install /usr/bin/fakeroot fakeroot /usr/bin/fakeroot-sysv 50 --slave /usr/share/man/man1/fakeroot.1.gz fakeroot.1.gz /usr/share/man/man1/fakeroot-sysv.1.gz --slave /usr/share/man/man1/faked.1.gz faked.1.gz /usr/share/man/man1/faked-sysv.1.gz --slave /usr/share/man/es/man1/fakeroot.1.gz fakeroot.es.1.gz /usr/share/man/es/man1/fakeroot-sysv.1.gz --slave /usr/share/man/es/man1/faked.1.gz faked.es.1.gz /usr/share/man/es/man1/faked-sysv.1.gz --slave /usr/share/man/fr/man1/fakeroot.1.gz fakeroot.fr.1.gz /usr/share/man/fr/man1/fakeroot-sysv.1.gz --slave /usr/share/man/fr/man1/faked.1.gz faked.fr.1.gz /usr/share/man/fr/man1/faked-sysv.1.gz --slave /usr/share/man/sv/man1/fakeroot.1.gz fakeroot.sv.1.gz /usr/share/man/sv/man1/fakeroot-sysv.1.gz --slave /usr/share/man/sv/man1/faked.1.gz faked.sv.1.gz /usr/share/man/sv/man1/faked-sysv.1.gz
update-alternatives 2022-06-20 16:00:26: link group fakeroot updated to point to /usr/bin/fakeroot-sysv
update-alternatives 2022-06-20 16:00:26: run with --install /usr/bin/fakeroot fakeroot /usr/bin/fakeroot-tcp 30 --slave /usr/share/man/man1/fakeroot.1.gz fakeroot.1.gz /usr/share/man/man1/fakeroot-tcp.1.gz --slave /usr/share/man/man1/faked.1.gz faked.1.gz /usr/share/man/man1/faked-tcp.1.gz --slave /usr/share/man/es/man1/fakeroot.1.gz fakeroot.es.1.gz /usr/share/man/es/man1/fakeroot-tcp.1.gz --slave /usr/share/man/es/man1/faked.1.gz faked.es.1.gz /usr/share/man/es/man1/faked-tcp.1.gz --slave /usr/share/man/fr/man1/fakeroot.1.gz fakeroot.fr.1.gz /usr/share/man/fr/man1/fakeroot-tcp.1.gz --slave /usr/share/man/fr/man1/faked.1.gz faked.fr.1.gz /usr/share/man/fr/man1/faked-tcp.1.gz --slave /usr/share/man/sv/man1/fakeroot.1.gz fakeroot.sv.1.gz /usr/share/man/sv/man1/fakeroot-tcp.1.gz --slave /usr/share/man/sv/man1/faked.1.gz faked.sv.1.gz /usr/share/man/sv/man1/faked-tcp.1.gz
update-alternatives 2022-06-20 16:00:27: run with --quiet --install /lib/cpp cpp /usr/bin/cpp 10
update-alternatives 2022-06-20 16:00:27: link group cpp updated to point to /usr/bin/cpp
update-alternatives 2022-06-20 16:00:27: run with --quiet --install /usr/bin/cc cc /usr/bin/gcc 20 --slave /usr/share/man/man1/cc.1.gz cc.1.gz /usr/share/man/man1/gcc.1.gz
update-alternatives 2022-06-20 16:00:27: link group cc updated to point to /usr/bin/gcc
update-alternatives 2022-06-20 16:00:27: run with --quiet --install /usr/bin/c89 c89 /usr/bin/c89-gcc 20 --slave /usr/share/man/man1/c89.1.gz c89.1.gz /usr/share/man/man1/c89-gcc.1.gz
update-alternatives 2022-06-20 16:00:27: link group c89 updated to point to /usr/bin/c89-gcc
update-alternatives 2022-06-20 16:00:27: run with --quiet --install /usr/bin/c99 c99 /usr/bin/c99-gcc 20 --slave /usr/share/man/man1/c99.1.gz c99.1.gz /usr/share/man/man1/c99-gcc.1.gz
update-alternatives 2022-06-20 16:00:27: link group c99 updated to point to /usr/bin/c99-gcc
update-alternatives 2022-06-20 16:00:27: run with --install /usr/bin/c++ c++ /usr/bin/g++ 20 --slave /usr/share/man/man1/c++.1.gz c++.1.gz /usr/share/man/man1/g++.1.gz
update-alternatives 2022-06-20 16:00:27: link group c++ updated to point to /usr/bin/g++
update-alternatives 2022-06-20 16:04:10: run with --install /usr/bin/js js /usr/bin/nodejs 200 --slave /usr/share/man/man1/js.1.gz js.1.gz /usr/share/man/man1/nodejs.1.gz
update-alternatives 2022-06-20 16:04:10: link group js updated to point to /usr/bin/nodejs
update-alternatives 2022-06-20 16:04:37: run with --install /etc/mysql/my.cnf my.cnf /etc/mysql/my.cnf.fallback 100
update-alternatives 2022-06-20 16:04:37: link group my.cnf updated to point to /etc/mysql/my.cnf.fallback
update-alternatives 2022-06-20 16:04:51: run with --install /usr/bin/php php /usr/bin/php7.2 72 --slave /usr/share/man/man1/php.1.gz php.1.gz /usr/share/man/man1/php7.2.1.gz
update-alternatives 2022-06-20 16:04:51: link group php updated to point to /usr/bin/php7.2
update-alternatives 2022-06-20 16:04:51: run with --install /usr/bin/phar phar /usr/bin/phar7.2 72 --slave /usr/share/man/man1/phar.1.gz phar.1.gz /usr/share/man/man1/phar7.2.1.gz
update-alternatives 2022-06-20 16:04:51: link group phar updated to point to /usr/bin/phar7.2
update-alternatives 2022-06-20 16:04:51: run with --install /usr/bin/phar.phar phar.phar /usr/bin/phar.phar7.2 72 --slave /usr/share/man/man1/phar.phar.1.gz phar.phar.1.gz /usr/share/man/man1/phar.phar7.2.1.gz
update-alternatives 2022-06-20 16:04:51: link group phar.phar updated to point to /usr/bin/phar.phar7.2
update-alternatives 2022-06-20 16:04:52: run with --install /etc/mysql/my.cnf my.cnf /etc/mysql/mysql.cnf 200
update-alternatives 2022-06-20 16:04:52: link group my.cnf updated to point to /etc/mysql/mysql.cnf
update-alternatives 2022-06-20 16:11:41: run with --install /usr/bin/yacc yacc /usr/bin/bison.yacc 100 --slave /usr/share/man/man1/yacc.1.gz yaccman /usr/share/man/man1/bison.yacc.1.gz
update-alternatives 2022-06-20 16:11:41: link group yacc updated to point to /usr/bin/bison.yacc
update-alternatives 2022-06-20 16:11:41: run with --install /usr/bin/automake automake /usr/bin/automake-1.15 33 --slave /usr/bin/aclocal aclocal /usr/bin/aclocal-1.15 --slave /usr/share/man/man1/automake.1.gz automake.1.gz /usr/share/man/man1/automake-1.15.1.gz --slave /usr/share/man/man1/aclocal.1.gz aclocal.1.gz /usr/share/man/man1/aclocal-1.15.1.gz
update-alternatives 2022-06-20 16:11:41: link group automake updated to point to /usr/bin/automake-1.15
update-alternatives 2022-06-20 16:13:24: run with --install /usr/bin/java java /usr/lib/jvm/java-11-openjdk-amd64/bin/java 1111 --slave /usr/share/man/man1/java.1.gz java.1.gz /usr/lib/jvm/java-11-openjdk-amd64/man/man1/java.1.gz
update-alternatives 2022-06-20 16:13:24: link group java updated to point to /usr/lib/jvm/java-11-openjdk-amd64/bin/java
update-alternatives 2022-06-20 16:13:24: run with --install /usr/bin/jjs jjs /usr/lib/jvm/java-11-openjdk-amd64/bin/jjs 1111 --slave /usr/share/man/man1/jjs.1.gz jjs.1.gz /usr/lib/jvm/java-11-openjdk-amd64/man/man1/jjs.1.gz
update-alternatives 2022-06-20 16:13:24: link group jjs updated to point to /usr/lib/jvm/java-11-openjdk-amd64/bin/jjs
update-alternatives 2022-06-20 16:13:24: run with --install /usr/bin/keytool keytool /usr/lib/jvm/java-11-openjdk-amd64/bin/keytool 1111 --slave /usr/share/man/man1/keytool.1.gz keytool.1.gz /usr/lib/jvm/java-11-openjdk-amd64/man/man1/keytool.1.gz
update-alternatives 2022-06-20 16:13:24: link group keytool updated to point to /usr/lib/jvm/java-11-openjdk-amd64/bin/keytool
update-alternatives 2022-06-20 16:13:24: run with --install /usr/bin/rmid rmid /usr/lib/jvm/java-11-openjdk-amd64/bin/rmid 1111 --slave /usr/share/man/man1/rmid.1.gz rmid.1.gz /usr/lib/jvm/java-11-openjdk-amd64/man/man1/rmid.1.gz
update-alternatives 2022-06-20 16:13:24: link group rmid updated to point to /usr/lib/jvm/java-11-openjdk-amd64/bin/rmid
update-alternatives 2022-06-20 16:13:24: run with --install /usr/bin/rmiregistry rmiregistry /usr/lib/jvm/java-11-openjdk-amd64/bin/rmiregistry 1111 --slave /usr/share/man/man1/rmiregistry.1.gz rmiregistry.1.gz /usr/lib/jvm/java-11-openjdk-amd64/man/man1/rmiregistry.1.gz
update-alternatives 2022-06-20 16:13:24: link group rmiregistry updated to point to /usr/lib/jvm/java-11-openjdk-amd64/bin/rmiregistry
update-alternatives 2022-06-20 16:13:24: run with --install /usr/bin/pack200 pack200 /usr/lib/jvm/java-11-openjdk-amd64/bin/pack200 1111 --slave /usr/share/man/man1/pack200.1.gz pack200.1.gz /usr/lib/jvm/java-11-openjdk-amd64/man/man1/pack200.1.gz
update-alternatives 2022-06-20 16:13:24: link group pack200 updated to point to /usr/lib/jvm/java-11-openjdk-amd64/bin/pack200
update-alternatives 2022-06-20 16:13:24: run with --install /usr/bin/unpack200 unpack200 /usr/lib/jvm/java-11-openjdk-amd64/bin/unpack200 1111 --slave /usr/share/man/man1/unpack200.1.gz unpack200.1.gz /usr/lib/jvm/java-11-openjdk-amd64/man/man1/unpack200.1.gz
update-alternatives 2022-06-20 16:13:24: link group unpack200 updated to point to /usr/lib/jvm/java-11-openjdk-amd64/bin/unpack200
update-alternatives 2022-06-20 16:13:24: run with --install /usr/bin/jexec jexec /usr/lib/jvm/java-11-openjdk-amd64/lib/jexec 1111 --slave /usr/share/binfmts/jar jexec-binfmt /usr/lib/jvm/java-11-openjdk-amd64/lib/jar.binfmt
update-alternatives 2022-06-20 16:13:24: link group jexec updated to point to /usr/lib/jvm/java-11-openjdk-amd64/lib/jexec
update-alternatives 2022-06-20 16:13:24: run with --install /usr/bin/jar jar /usr/lib/jvm/java-11-openjdk-amd64/bin/jar 1111 --slave /usr/share/man/man1/jar.1.gz jar.1.gz /usr/lib/jvm/java-11-openjdk-amd64/man/man1/jar.1.gz
update-alternatives 2022-06-20 16:13:24: link group jar updated to point to /usr/lib/jvm/java-11-openjdk-amd64/bin/jar
update-alternatives 2022-06-20 16:13:24: run with --install /usr/bin/jarsigner jarsigner /usr/lib/jvm/java-11-openjdk-amd64/bin/jarsigner 1111 --slave /usr/share/man/man1/jarsigner.1.gz jarsigner.1.gz /usr/lib/jvm/java-11-openjdk-amd64/man/man1/jarsigner.1.gz
update-alternatives 2022-06-20 16:13:24: link group jarsigner updated to point to /usr/lib/jvm/java-11-openjdk-amd64/bin/jarsigner
update-alternatives 2022-06-20 16:13:24: run with --install /usr/bin/javac javac /usr/lib/jvm/java-11-openjdk-amd64/bin/javac 1111 --slave /usr/share/man/man1/javac.1.gz javac.1.gz /usr/lib/jvm/java-11-openjdk-amd64/man/man1/javac.1.gz
update-alternatives 2022-06-20 16:13:24: link group javac updated to point to /usr/lib/jvm/java-11-openjdk-amd64/bin/javac
update-alternatives 2022-06-20 16:13:24: run with --install /usr/bin/javadoc javadoc /usr/lib/jvm/java-11-openjdk-amd64/bin/javadoc 1111 --slave /usr/share/man/man1/javadoc.1.gz javadoc.1.gz /usr/lib/jvm/java-11-openjdk-amd64/man/man1/javadoc.1.gz
update-alternatives 2022-06-20 16:13:24: link group javadoc updated to point to /usr/lib/jvm/java-11-openjdk-amd64/bin/javadoc
update-alternatives 2022-06-20 16:13:24: run with --install /usr/bin/javap javap /usr/lib/jvm/java-11-openjdk-amd64/bin/javap 1111 --slave /usr/share/man/man1/javap.1.gz javap.1.gz /usr/lib/jvm/java-11-openjdk-amd64/man/man1/javap.1.gz
update-alternatives 2022-06-20 16:13:24: link group javap updated to point to /usr/lib/jvm/java-11-openjdk-amd64/bin/javap
update-alternatives 2022-06-20 16:13:24: run with --install /usr/bin/jcmd jcmd /usr/lib/jvm/java-11-openjdk-amd64/bin/jcmd 1111 --slave /usr/share/man/man1/jcmd.1.gz jcmd.1.gz /usr/lib/jvm/java-11-openjdk-amd64/man/man1/jcmd.1.gz
update-alternatives 2022-06-20 16:13:24: link group jcmd updated to point to /usr/lib/jvm/java-11-openjdk-amd64/bin/jcmd
update-alternatives 2022-06-20 16:13:24: run with --install /usr/bin/jdb jdb /usr/lib/jvm/java-11-openjdk-amd64/bin/jdb 1111 --slave /usr/share/man/man1/jdb.1.gz jdb.1.gz /usr/lib/jvm/java-11-openjdk-amd64/man/man1/jdb.1.gz
update-alternatives 2022-06-20 16:13:24: link group jdb updated to point to /usr/lib/jvm/java-11-openjdk-amd64/bin/jdb
update-alternatives 2022-06-20 16:13:24: run with --install /usr/bin/jdeprscan jdeprscan /usr/lib/jvm/java-11-openjdk-amd64/bin/jdeprscan 1111
update-alternatives 2022-06-20 16:13:24: link group jdeprscan updated to point to /usr/lib/jvm/java-11-openjdk-amd64/bin/jdeprscan
update-alternatives 2022-06-20 16:13:24: run with --install /usr/bin/jdeps jdeps /usr/lib/jvm/java-11-openjdk-amd64/bin/jdeps 1111 --slave /usr/share/man/man1/jdeps.1.gz jdeps.1.gz /usr/lib/jvm/java-11-openjdk-amd64/man/man1/jdeps.1.gz
update-alternatives 2022-06-20 16:13:24: link group jdeps updated to point to /usr/lib/jvm/java-11-openjdk-amd64/bin/jdeps
update-alternatives 2022-06-20 16:13:24: run with --install /usr/bin/jfr jfr /usr/lib/jvm/java-11-openjdk-amd64/bin/jfr 1111
update-alternatives 2022-06-20 16:13:24: link group jfr updated to point to /usr/lib/jvm/java-11-openjdk-amd64/bin/jfr
update-alternatives 2022-06-20 16:13:24: run with --install /usr/bin/jimage jimage /usr/lib/jvm/java-11-openjdk-amd64/bin/jimage 1111
update-alternatives 2022-06-20 16:13:24: link group jimage updated to point to /usr/lib/jvm/java-11-openjdk-amd64/bin/jimage
update-alternatives 2022-06-20 16:13:24: run with --install /usr/bin/jinfo jinfo /usr/lib/jvm/java-11-openjdk-amd64/bin/jinfo 1111 --slave /usr/share/man/man1/jinfo.1.gz jinfo.1.gz /usr/lib/jvm/java-11-openjdk-amd64/man/man1/jinfo.1.gz
update-alternatives 2022-06-20 16:13:24: link group jinfo updated to point to /usr/lib/jvm/java-11-openjdk-amd64/bin/jinfo
update-alternatives 2022-06-20 16:13:24: run with --install /usr/bin/jlink jlink /usr/lib/jvm/java-11-openjdk-amd64/bin/jlink 1111
update-alternatives 2022-06-20 16:13:24: link group jlink updated to point to /usr/lib/jvm/java-11-openjdk-amd64/bin/jlink
update-alternatives 2022-06-20 16:13:24: run with --install /usr/bin/jmap jmap /usr/lib/jvm/java-11-openjdk-amd64/bin/jmap 1111 --slave /usr/share/man/man1/jmap.1.gz jmap.1.gz /usr/lib/jvm/java-11-openjdk-amd64/man/man1/jmap.1.gz
update-alternatives 2022-06-20 16:13:24: link group jmap updated to point to /usr/lib/jvm/java-11-openjdk-amd64/bin/jmap
update-alternatives 2022-06-20 16:13:24: run with --install /usr/bin/jmod jmod /usr/lib/jvm/java-11-openjdk-amd64/bin/jmod 1111
update-alternatives 2022-06-20 16:13:24: link group jmod updated to point to /usr/lib/jvm/java-11-openjdk-amd64/bin/jmod
update-alternatives 2022-06-20 16:13:24: run with --install /usr/bin/jps jps /usr/lib/jvm/java-11-openjdk-amd64/bin/jps 1111 --slave /usr/share/man/man1/jps.1.gz jps.1.gz /usr/lib/jvm/java-11-openjdk-amd64/man/man1/jps.1.gz
update-alternatives 2022-06-20 16:13:24: link group jps updated to point to /usr/lib/jvm/java-11-openjdk-amd64/bin/jps
update-alternatives 2022-06-20 16:13:24: run with --install /usr/bin/jrunscript jrunscript /usr/lib/jvm/java-11-openjdk-amd64/bin/jrunscript 1111 --slave /usr/share/man/man1/jrunscript.1.gz jrunscript.1.gz /usr/lib/jvm/java-11-openjdk-amd64/man/man1/jrunscript.1.gz
update-alternatives 2022-06-20 16:13:24: link group jrunscript updated to point to /usr/lib/jvm/java-11-openjdk-amd64/bin/jrunscript
update-alternatives 2022-06-20 16:13:24: run with --install /usr/bin/jshell jshell /usr/lib/jvm/java-11-openjdk-amd64/bin/jshell 1111
update-alternatives 2022-06-20 16:13:24: link group jshell updated to point to /usr/lib/jvm/java-11-openjdk-amd64/bin/jshell
update-alternatives 2022-06-20 16:13:24: run with --install /usr/bin/jstack jstack /usr/lib/jvm/java-11-openjdk-amd64/bin/jstack 1111 --slave /usr/share/man/man1/jstack.1.gz jstack.1.gz /usr/lib/jvm/java-11-openjdk-amd64/man/man1/jstack.1.gz
update-alternatives 2022-06-20 16:13:24: link group jstack updated to point to /usr/lib/jvm/java-11-openjdk-amd64/bin/jstack
update-alternatives 2022-06-20 16:13:24: run with --install /usr/bin/jstat jstat /usr/lib/jvm/java-11-openjdk-amd64/bin/jstat 1111 --slave /usr/share/man/man1/jstat.1.gz jstat.1.gz /usr/lib/jvm/java-11-openjdk-amd64/man/man1/jstat.1.gz
update-alternatives 2022-06-20 16:13:24: link group jstat updated to point to /usr/lib/jvm/java-11-openjdk-amd64/bin/jstat
update-alternatives 2022-06-20 16:13:24: run with --install /usr/bin/jstatd jstatd /usr/lib/jvm/java-11-openjdk-amd64/bin/jstatd 1111 --slave /usr/share/man/man1/jstatd.1.gz jstatd.1.gz /usr/lib/jvm/java-11-openjdk-amd64/man/man1/jstatd.1.gz
update-alternatives 2022-06-20 16:13:24: link group jstatd updated to point to /usr/lib/jvm/java-11-openjdk-amd64/bin/jstatd
update-alternatives 2022-06-20 16:13:24: run with --install /usr/bin/rmic rmic /usr/lib/jvm/java-11-openjdk-amd64/bin/rmic 1111 --slave /usr/share/man/man1/rmic.1.gz rmic.1.gz /usr/lib/jvm/java-11-openjdk-amd64/man/man1/rmic.1.gz
update-alternatives 2022-06-20 16:13:24: link group rmic updated to point to /usr/lib/jvm/java-11-openjdk-amd64/bin/rmic
update-alternatives 2022-06-20 16:13:24: run with --install /usr/bin/serialver serialver /usr/lib/jvm/java-11-openjdk-amd64/bin/serialver 1111 --slave /usr/share/man/man1/serialver.1.gz serialver.1.gz /usr/lib/jvm/java-11-openjdk-amd64/man/man1/serialver.1.gz
update-alternatives 2022-06-20 16:13:24: link group serialver updated to point to /usr/lib/jvm/java-11-openjdk-amd64/bin/serialver
update-alternatives 2022-06-20 16:13:24: run with --install /usr/bin/jaotc jaotc /usr/lib/jvm/java-11-openjdk-amd64/bin/jaotc 1111
update-alternatives 2022-06-20 16:13:24: link group jaotc updated to point to /usr/lib/jvm/java-11-openjdk-amd64/bin/jaotc
update-alternatives 2022-06-20 16:13:24: run with --install /usr/bin/jhsdb jhsdb /usr/lib/jvm/java-11-openjdk-amd64/bin/jhsdb 1111
update-alternatives 2022-06-20 16:13:24: link group jhsdb updated to point to /usr/lib/jvm/java-11-openjdk-amd64/bin/jhsdb
update-alternatives 2022-07-18 14:07:45: run with --install /usr/bin/php php /usr/bin/php7.2 72 --slave /usr/share/man/man1/php.1.gz php.1.gz /usr/share/man/man1/php7.2.1.gz
update-alternatives 2022-07-18 14:07:45: run with --install /usr/bin/phar phar /usr/bin/phar7.2 72 --slave /usr/share/man/man1/phar.1.gz phar.1.gz /usr/share/man/man1/phar7.2.1.gz
update-alternatives 2022-07-18 14:07:45: run with --install /usr/bin/phar.phar phar.phar /usr/bin/phar.phar7.2 72 --slave /usr/share/man/man1/phar.phar.1.gz phar.phar.1.gz /usr/share/man/man1/phar.phar7.2.1.gz
