2022-06-26 00:51:45 INFO Agent is in hibernate mode. Reducing logging. Logging will be reduced to one log per backoff period
2022-06-26 00:56:45 INFO Backing off health check to every 600 seconds for 1800 seconds.
2022-06-26 00:56:45 ERROR Health ping failed with error - EC2RoleRequestError: no EC2 instance role found
caused by: EC2MetadataError: failed to make EC2Metadata request
<?xml version="1.0" encoding="iso-8859-1"?>
<!DOCTYPE html PUBLIC "-//W3C//DTD XHTML 1.0 Transitional//EN"
		 "http://www.w3.org/TR/xhtml1/DTD/xhtml1-transitional.dtd">
<html xmlns="http://www.w3.org/1999/xhtml" xml:lang="en" lang="en">
 <head>
  <title>404 - Not Found</title>
 </head>
 <body>
  <h1>404 - Not Found</h1>
 </body>
</html>

	status code: 404, request id: 
2022-06-26 01:26:45 INFO Backing off health check to every 1200 seconds for 3600 seconds.
2022-06-26 01:26:45 ERROR Health ping failed with error - EC2RoleRequestError: no EC2 instance role found
caused by: EC2MetadataError: failed to make EC2Metadata request
<?xml version="1.0" encoding="iso-8859-1"?>
<!DOCTYPE html PUBLIC "-//W3C//DTD XHTML 1.0 Transitional//EN"
		 "http://www.w3.org/TR/xhtml1/DTD/xhtml1-transitional.dtd">
<html xmlns="http://www.w3.org/1999/xhtml" xml:lang="en" lang="en">
 <head>
  <title>404 - Not Found</title>
 </head>
 <body>
  <h1>404 - Not Found</h1>
 </body>
</html>

	status code: 404, request id: 
2022-07-18 14:06:03 INFO Agent is in hibernate mode. Reducing logging. Logging will be reduced to one log per backoff period
2022-07-18 14:11:04 INFO Backing off health check to every 600 seconds for 1800 seconds.
2022-07-18 14:11:05 ERROR Health ping failed with error - EC2RoleRequestError: no EC2 instance role found
caused by: EC2MetadataError: failed to make EC2Metadata request
<?xml version="1.0" encoding="iso-8859-1"?>
<!DOCTYPE html PUBLIC "-//W3C//DTD XHTML 1.0 Transitional//EN"
		 "http://www.w3.org/TR/xhtml1/DTD/xhtml1-transitional.dtd">
<html xmlns="http://www.w3.org/1999/xhtml" xml:lang="en" lang="en">
 <head>
  <title>404 - Not Found</title>
 </head>
 <body>
  <h1>404 - Not Found</h1>
 </body>
</html>

	status code: 404, request id: 
2022-07-18 14:41:04 INFO Backing off health check to every 1200 seconds for 3600 seconds.
2022-07-18 14:41:05 ERROR Health ping failed with error - EC2RoleRequestError: no EC2 instance role found
caused by: EC2MetadataError: failed to make EC2Metadata request
<?xml version="1.0" encoding="iso-8859-1"?>
<!DOCTYPE html PUBLIC "-//W3C//DTD XHTML 1.0 Transitional//EN"
		 "http://www.w3.org/TR/xhtml1/DTD/xhtml1-transitional.dtd">
<html xmlns="http://www.w3.org/1999/xhtml" xml:lang="en" lang="en">
 <head>
  <title>404 - Not Found</title>
 </head>
 <body>
  <h1>404 - Not Found</h1>
 </body>
</html>

	status code: 404, request id: 
2022-07-18 15:41:05 INFO Backing off health check to every 2400 seconds for 7200 seconds.
2022-07-18 15:41:05 ERROR Health ping failed with error - EC2RoleRequestError: no EC2 instance role found
caused by: EC2MetadataError: failed to make EC2Metadata request
<?xml version="1.0" encoding="iso-8859-1"?>
<!DOCTYPE html PUBLIC "-//W3C//DTD XHTML 1.0 Transitional//EN"
		 "http://www.w3.org/TR/xhtml1/DTD/xhtml1-transitional.dtd">
<html xmlns="http://www.w3.org/1999/xhtml" xml:lang="en" lang="en">
 <head>
  <title>404 - Not Found</title>
 </head>
 <body>
  <h1>404 - Not Found</h1>
 </body>
</html>

	status code: 404, request id: 
2022-07-18 17:41:05 INFO Backing off health check to every 3600 seconds for 10800 seconds.
2022-07-18 17:41:05 ERROR Health ping failed with error - EC2RoleRequestError: no EC2 instance role found
caused by: EC2MetadataError: failed to make EC2Metadata request
<?xml version="1.0" encoding="iso-8859-1"?>
<!DOCTYPE html PUBLIC "-//W3C//DTD XHTML 1.0 Transitional//EN"
		 "http://www.w3.org/TR/xhtml1/DTD/xhtml1-transitional.dtd">
<html xmlns="http://www.w3.org/1999/xhtml" xml:lang="en" lang="en">
 <head>
  <title>404 - Not Found</title>
 </head>
 <body>
  <h1>404 - Not Found</h1>
 </body>
</html>

	status code: 404, request id: 
2022-07-19 00:13:07 INFO Agent is in hibernate mode. Reducing logging. Logging will be reduced to one log per backoff period
2022-07-19 00:18:08 INFO Backing off health check to every 600 seconds for 1800 seconds.
2022-07-19 00:18:08 ERROR Health ping failed with error - EC2RoleRequestError: no EC2 instance role found
caused by: EC2MetadataError: failed to make EC2Metadata request
<?xml version="1.0" encoding="iso-8859-1"?>
<!DOCTYPE html PUBLIC "-//W3C//DTD XHTML 1.0 Transitional//EN"
		 "http://www.w3.org/TR/xhtml1/DTD/xhtml1-transitional.dtd">
<html xmlns="http://www.w3.org/1999/xhtml" xml:lang="en" lang="en">
 <head>
  <title>404 - Not Found</title>
 </head>
 <body>
  <h1>404 - Not Found</h1>
 </body>
</html>

	status code: 404, request id: 
2022-07-19 00:48:08 INFO Backing off health check to every 1200 seconds for 3600 seconds.
2022-07-19 00:48:08 ERROR Health ping failed with error - EC2RoleRequestError: no EC2 instance role found
caused by: EC2MetadataError: failed to make EC2Metadata request
<?xml version="1.0" encoding="iso-8859-1"?>
<!DOCTYPE html PUBLIC "-//W3C//DTD XHTML 1.0 Transitional//EN"
		 "http://www.w3.org/TR/xhtml1/DTD/xhtml1-transitional.dtd">
<html xmlns="http://www.w3.org/1999/xhtml" xml:lang="en" lang="en">
 <head>
  <title>404 - Not Found</title>
 </head>
 <body>
  <h1>404 - Not Found</h1>
 </body>
</html>

	status code: 404, request id: 
2022-07-19 01:48:08 INFO Backing off health check to every 2400 seconds for 7200 seconds.
2022-07-19 01:48:08 ERROR Health ping failed with error - EC2RoleRequestError: no EC2 instance role found
caused by: EC2MetadataError: failed to make EC2Metadata request
<?xml version="1.0" encoding="iso-8859-1"?>
<!DOCTYPE html PUBLIC "-//W3C//DTD XHTML 1.0 Transitional//EN"
		 "http://www.w3.org/TR/xhtml1/DTD/xhtml1-transitional.dtd">
<html xmlns="http://www.w3.org/1999/xhtml" xml:lang="en" lang="en">
 <head>
  <title>404 - Not Found</title>
 </head>
 <body>
  <h1>404 - Not Found</h1>
 </body>
</html>

	status code: 404, request id: 
